This is pdfTeX, Version 3.14159265-2.6-1.40.20 (TeX Live 2019/Debian) (preloaded format=pdflatex 2021.4.6)  14 MAY 2021 16:33
entering extended mode
 restricted \write18 enabled.
 file:line:error style messages enabled.
 %&-line parsing enabled.
**/home/m0000a/my_work/disserop/presentation_booklet
(/home/m0000a/my_work/disserop/presentation_booklet.tex
LaTeX2e <2020-02-02> patch level 2
L3 programming layer <2020-02-14> (/usr/share/texlive/texmf-dist/tex/latex/koma-script/scrartcl.cls
Document Class: scrartcl 2020/01/24 v3.29 KOMA-Script document class (article)
(/usr/share/texlive/texmf-dist/tex/latex/koma-script/scrkbase.sty
Package: scrkbase 2020/01/24 v3.29 KOMA-Script package (KOMA-Script-dependent basics and keyval usage)
 (/usr/share/texlive/texmf-dist/tex/latex/koma-script/scrbase.sty
Package: scrbase 2020/01/24 v3.29 KOMA-Script package (KOMA-Script-independent basics and keyval usage)
 (/usr/share/texlive/texmf-dist/tex/latex/graphics/keyval.sty
Package: keyval 2014/10/28 v1.15 key=value parser (DPC)
\KV@toks@=\toks14
) (/usr/share/texlive/texmf-dist/tex/latex/koma-script/scrlfile.sty
Package: scrlfile 2020/01/24 v3.29 KOMA-Script package (loading files)
))) (/usr/share/texlive/texmf-dist/tex/latex/koma-script/tocbasic.sty
Package: tocbasic 2020/01/24 v3.29 KOMA-Script package (handling toc-files)
\scr@dte@tocline@numberwidth=\skip47
\scr@dte@tocline@numbox=\box45
)
Package tocbasic Info: omitting babel extension for `toc'
(tocbasic)             because of feature `nobabel' available
(tocbasic)             for `toc' on input line 137.
Class scrartcl Info: File `scrsize11pt.clo' used instead of
(scrartcl)           file `scrsize11.clo' to setup font sizes on input line 2212.
 (/usr/share/texlive/texmf-dist/tex/latex/koma-script/scrsize11pt.clo
File: scrsize11pt.clo 2020/01/24 v3.29 KOMA-Script font size class option (11pt)
) (/usr/share/texlive/texmf-dist/tex/latex/koma-script/typearea.sty
Package: typearea 2020/01/24 v3.29 KOMA-Script package (type area)
\ta@bcor=\skip48
\ta@div=\count167
\ta@hblk=\skip49
\ta@vblk=\skip50
\ta@temp=\skip51
\footheight=\skip52
Package typearea Info: These are the values describing the layout:
(typearea)             DIV  = 10
(typearea)             BCOR = 0.0pt
(typearea)             \paperwidth      = 597.50793pt
(typearea)              \textwidth      = 418.25555pt
(typearea)              DIV departure   = -6%
(typearea)              \evensidemargin = 17.3562pt
(typearea)              \oddsidemargin  = 17.3562pt
(typearea)             \paperheight     = 845.04694pt
(typearea)              \textheight     = 595.80026pt
(typearea)              \topmargin      = -25.16531pt
(typearea)              \headheight     = 17.0pt
(typearea)              \headsep        = 20.40001pt
(typearea)              \topskip        = 11.0pt
(typearea)              \footskip       = 47.6pt
(typearea)              \baselineskip   = 13.6pt
(typearea)              on input line 1719.
)
\c@part=\count168
\c@section=\count169
\c@subsection=\count170
\c@subsubsection=\count171
\c@paragraph=\count172
\c@subparagraph=\count173
\scr@dte@section@maxnumwidth=\skip53
Class scrartcl Info: using compatibility default `runin=bysign'
(scrartcl)           for `\section on input line 4723.
Class scrartcl Info: using compatibility default `afterindent=bysign'
(scrartcl)           for `\section on input line 4723.
\scr@dte@part@maxnumwidth=\skip54
Class scrartcl Info: using compatibility default `afterindent=false'
(scrartcl)           for `\part on input line 4731.
\scr@dte@subsection@maxnumwidth=\skip55
Class scrartcl Info: using compatibility default `runin=bysign'
(scrartcl)           for `\subsection on input line 4741.
Class scrartcl Info: using compatibility default `afterindent=bysign'
(scrartcl)           for `\subsection on input line 4741.
\scr@dte@subsubsection@maxnumwidth=\skip56
Class scrartcl Info: using compatibility default `runin=bysign'
(scrartcl)           for `\subsubsection on input line 4751.
Class scrartcl Info: using compatibility default `afterindent=bysign'
(scrartcl)           for `\subsubsection on input line 4751.
\scr@dte@paragraph@maxnumwidth=\skip57
Class scrartcl Info: using compatibility default `runin=bysign'
(scrartcl)           for `\paragraph on input line 4761.
Class scrartcl Info: using compatibility default `afterindent=bysign'
(scrartcl)           for `\paragraph on input line 4761.
\scr@dte@subparagraph@maxnumwidth=\skip58
Class scrartcl Info: using compatibility default `runin=bysign'
(scrartcl)           for `\subparagraph on input line 4771.
Class scrartcl Info: using compatibility default `afterindent=bysign'
(scrartcl)           for `\subparagraph on input line 4771.
\abovecaptionskip=\skip59
\belowcaptionskip=\skip60
\c@pti@nb@sid@b@x=\box46
Package tocbasic Info: omitting babel extension for `lof'
(tocbasic)             because of feature `nobabel' available
(tocbasic)             for `lof' on input line 6002.
\scr@dte@figure@maxnumwidth=\skip61
\c@figure=\count174
Package tocbasic Info: omitting babel extension for `lot'
(tocbasic)             because of feature `nobabel' available
(tocbasic)             for `lot' on input line 6014.
\scr@dte@table@maxnumwidth=\skip62
\c@table=\count175
Class scrartcl Info: Redefining `\numberline' on input line 6178.
\bibindent=\dimen134
) (/usr/share/texlive/texmf-dist/tex/latex/pdfpages/pdfpages.sty
Package: pdfpages 2020/01/28 v0.5q Insert pages of external PDF documents (AM)
 (/usr/share/texlive/texmf-dist/tex/latex/base/ifthen.sty
Package: ifthen 2014/09/29 v1.1c Standard LaTeX ifthen package (DPC)
) (/usr/share/texlive/texmf-dist/tex/latex/tools/calc.sty
Package: calc 2017/05/25 v4.3 Infix arithmetic (KKT,FJ)
\calc@Acount=\count176
\calc@Bcount=\count177
\calc@Adimen=\dimen135
\calc@Bdimen=\dimen136
\calc@Askip=\skip63
\calc@Bskip=\skip64
LaTeX Info: Redefining \setlength on input line 80.
LaTeX Info: Redefining \addtolength on input line 81.
\calc@Ccount=\count178
\calc@Cskip=\skip65
) (/usr/share/texlive/texmf-dist/tex/latex/eso-pic/eso-pic.sty
Package: eso-pic 2018/04/12 v2.0h eso-pic (RN)
 (/usr/share/texlive/texmf-dist/tex/generic/atbegshi/atbegshi.sty
Package: atbegshi 2019/12/05 v1.19 At begin shipout hook (HO)
 (/usr/share/texlive/texmf-dist/tex/generic/infwarerr/infwarerr.sty
Package: infwarerr 2019/12/03 v1.5 Providing info/warning/error messages (HO)
) (/usr/share/texlive/texmf-dist/tex/generic/ltxcmds/ltxcmds.sty
Package: ltxcmds 2019/12/15 v1.24 LaTeX kernel commands for general use (HO)
) (/usr/share/texlive/texmf-dist/tex/generic/iftex/iftex.sty
Package: iftex 2019/11/07 v1.0c TeX engine tests
)) (/usr/share/texlive/texmf-dist/tex/latex/xcolor/xcolor.sty
Package: xcolor 2016/05/11 v2.12 LaTeX color extensions (UK)
 (/usr/share/texlive/texmf-dist/tex/latex/graphics-cfg/color.cfg
File: color.cfg 2016/01/02 v1.6 sample color configuration
)
Package xcolor Info: Driver file: pdftex.def on input line 225.
 (/usr/share/texlive/texmf-dist/tex/latex/graphics-def/pdftex.def
File: pdftex.def 2018/01/08 v1.0l Graphics/color driver for pdftex
)
Package xcolor Info: Model `cmy' substituted by `cmy0' on input line 1348.
Package xcolor Info: Model `hsb' substituted by `rgb' on input line 1352.
Package xcolor Info: Model `RGB' extended on input line 1364.
Package xcolor Info: Model `HTML' substituted by `rgb' on input line 1366.
Package xcolor Info: Model `Hsb' substituted by `hsb' on input line 1367.
Package xcolor Info: Model `tHsb' substituted by `hsb' on input line 1368.
Package xcolor Info: Model `HSB' substituted by `hsb' on input line 1369.
Package xcolor Info: Model `Gray' substituted by `gray' on input line 1370.
Package xcolor Info: Model `wave' substituted by `hsb' on input line 1371.
)) (/usr/share/texlive/texmf-dist/tex/latex/graphics/graphicx.sty
Package: graphicx 2019/11/30 v1.2a Enhanced LaTeX Graphics (DPC,SPQR)
 (/usr/share/texlive/texmf-dist/tex/latex/graphics/graphics.sty
Package: graphics 2019/11/30 v1.4a Standard LaTeX Graphics (DPC,SPQR)
 (/usr/share/texlive/texmf-dist/tex/latex/graphics/trig.sty
Package: trig 2016/01/03 v1.10 sin cos tan (DPC)
) (/usr/share/texlive/texmf-dist/tex/latex/graphics-cfg/graphics.cfg
File: graphics.cfg 2016/06/04 v1.11 sample graphics configuration
)
Package graphics Info: Driver file: pdftex.def on input line 105.
)
\Gin@req@height=\dimen137
\Gin@req@width=\dimen138
)
\AM@pagewidth=\dimen139
\AM@pageheight=\dimen140
 (/usr/share/texlive/texmf-dist/tex/latex/pdfpages/pppdftex.def
File: pppdftex.def 2020/01/28 v0.5q Pdfpages driver for pdfTeX (AM)
)
\AM@pagebox=\box47
\AM@global@opts=\toks15
\AM@pagecnt=\count179
\AM@toc@title=\toks16
\c@AM@survey=\count180
\AM@templatesizebox=\box48
) (/usr/share/texlive/texmf-dist/tex/latex/l3backend/l3backend-pdfmode.def
File: l3backend-pdfmode.def 2020-02-03 L3 backend support: PDF mode
\l__kernel_color_stack_int=\count181
\l__pdf_internal_box=\box49
)
No file presentation_booklet.aux.
\openout1 = `presentation_booklet.aux'.

LaTeX Font Info:    Checking defaults for OML/cmm/m/it on input line 4.
LaTeX Font Info:    ... okay on input line 4.
LaTeX Font Info:    Checking defaults for OMS/cmsy/m/n on input line 4.
LaTeX Font Info:    ... okay on input line 4.
LaTeX Font Info:    Checking defaults for OT1/cmr/m/n on input line 4.
LaTeX Font Info:    ... okay on input line 4.
LaTeX Font Info:    Checking defaults for T1/cmr/m/n on input line 4.
LaTeX Font Info:    ... okay on input line 4.
LaTeX Font Info:    Checking defaults for TS1/cmr/m/n on input line 4.
LaTeX Font Info:    ... okay on input line 4.
LaTeX Font Info:    Checking defaults for OMX/cmex/m/n on input line 4.
LaTeX Font Info:    ... okay on input line 4.
LaTeX Font Info:    Checking defaults for U/cmr/m/n on input line 4.
LaTeX Font Info:    ... okay on input line 4.
Package scrbase Info: activating english \contentsname on input line 4.
Package scrbase Info: activating english \listfigurename on input line 4.
Package scrbase Info: activating english \listtablename on input line 4.
\AtBeginShipoutBox=\box50
(/usr/share/texlive/texmf-dist/tex/context/base/mkii/supp-pdf.mkii
[Loading MPS to PDF converter (version 2006.09.02).]
\scratchcounter=\count182
\scratchdimen=\dimen141
\scratchbox=\box51
\nofMPsegments=\count183
\nofMParguments=\count184
\everyMPshowfont=\toks17
\MPscratchCnt=\count185
\MPscratchDim=\dimen142
\MPnumerator=\count186
\makeMPintoPDFobject=\count187
\everyMPtoPDFconversion=\toks18
) (/usr/share/texlive/texmf-dist/tex/latex/epstopdf-pkg/epstopdf-base.sty
Package: epstopdf-base 2020-01-24 v2.11 Base part for package epstopdf
Package epstopdf-base Info: Redefining graphics rule for `.eps' on input line 485.
 (/usr/share/texlive/texmf-dist/tex/latex/latexconfig/epstopdf-sys.cfg
File: epstopdf-sys.cfg 2010/07/13 v1.3 Configuration of (r)epstopdf for TeX Live
)) (/usr/share/texlive/texmf-dist/tex/latex/pdflscape/pdflscape.sty
Package: pdflscape 2019/12/05 v0.12 Display of landscape pages in PDF (HO)
 (/usr/share/texlive/texmf-dist/tex/latex/graphics/lscape.sty
Package: lscape 2000/10/22 v3.01 Landscape Pages (DPC)
)
Package pdflscape Info: Auto-detected driver: pdftex on input line 81.
)

/home/m0000a/my_work/disserop/presentation_booklet.tex:5: Package pdfpages Error: Cannot find file `presentation.pdf'.

See the pdfpages package documentation for explanation.
Type  H <return>  for immediate help.
 ...                                              
                                                  
l.5 ...es=-,nup=1x2,frame=false]{presentation.pdf}
                                                  
This error message was generated by an \errmessage
command, so I can't give any explicit help.
Pretend that you're Hercule Poirot: Examine all clues,
and deduce the truth by order and method.


/home/m0000a/my_work/disserop/presentation_booklet.tex:5: Package pdfpages Error: Cannot find file `-'.

See the pdfpages package documentation for explanation.
Type  H <return>  for immediate help.
 ...                                              
                                                  
l.5 ...es=-,nup=1x2,frame=false]{presentation.pdf}
                                                  
(That was another \errmessage.)

/home/m0000a/my_work/disserop/presentation_booklet.tex:5: Undefined control sequence.
\AM@expand@range ...M@i \relax \@tempcntb =\AM@ii 
                                                  \relax \ifnum \@tempcnta <...
l.5 ...es=-,nup=1x2,frame=false]{presentation.pdf}
                                                  
The control sequence at the end of the top line
of your error message was never \def'ed. If you have
misspelled it (e.g., `\hobx'), type `I' and the correct
spelling (e.g., `I\hbox'). Otherwise just continue,
and I'll forget about whatever was undefined.

/home/m0000a/my_work/disserop/presentation_booklet.tex:5: Missing number, treated as zero.
<to be read again> 
                   \relax 
l.5 ...es=-,nup=1x2,frame=false]{presentation.pdf}
                                                  
A number should have been here; I inserted `0'.
(If you can't figure out why I needed to see a number,
look up `weird error' in the index to The TeXbook.)

/home/m0000a/my_work/disserop/presentation_booklet.tex:5: Undefined control sequence.
\AM@checkpagenumber #1->\ifnum #1>\AM@pagecount 
                                                \relax \ifthenelse {\boolean...
l.5 ...es=-,nup=1x2,frame=false]{presentation.pdf}
                                                  
The control sequence at the end of the top line
of your error message was never \def'ed. If you have
misspelled it (e.g., `\hobx'), type `I' and the correct
spelling (e.g., `I\hbox'). Otherwise just continue,
and I'll forget about whatever was undefined.

/home/m0000a/my_work/disserop/presentation_booklet.tex:5: Missing number, treated as zero.
<to be read again> 
                   \relax 
l.5 ...es=-,nup=1x2,frame=false]{presentation.pdf}
                                                  
A number should have been here; I inserted `0'.
(If you can't figure out why I needed to see a number,
look up `weird error' in the index to The TeXbook.)


/home/m0000a/my_work/disserop/presentation_booklet.tex:5: Package pdfpages Error: Page 1 of `\AM@currentdocname ' does not exist.

See the pdfpages package documentation for explanation.
Type  H <return>  for immediate help.
 ...                                              
                                                  
l.5 ...es=-,nup=1x2,frame=false]{presentation.pdf}
                                                  
You have set a wrong page number in the `pages' option. Document 
`\AM@currentdocname ' does not have 1 pages.

/home/m0000a/my_work/disserop/presentation_booklet.tex:5: Undefined control sequence.
\AM@checkpagenumber #1->\ifnum #1>\AM@pagecount 
                                                \relax \ifthenelse {\boolean...
l.5 ...es=-,nup=1x2,frame=false]{presentation.pdf}
                                                  
The control sequence at the end of the top line
of your error message was never \def'ed. If you have
misspelled it (e.g., `\hobx'), type `I' and the correct
spelling (e.g., `I\hbox'). Otherwise just continue,
and I'll forget about whatever was undefined.

/home/m0000a/my_work/disserop/presentation_booklet.tex:5: Missing number, treated as zero.
<to be read again> 
                   \relax 
l.5 ...es=-,nup=1x2,frame=false]{presentation.pdf}
                                                  
A number should have been here; I inserted `0'.
(If you can't figure out why I needed to see a number,
look up `weird error' in the index to The TeXbook.)

/home/m0000a/my_work/disserop/presentation_booklet.tex:5: Missing endcsname inserted.
<to be read again> 
                   AM@currentdocname 
l.5 ...es=-,nup=1x2,frame=false]{presentation.pdf}
                                                  
The control sequence marked <to be read again> should
not appear between \csname and \endcsname.

/home/m0000a/my_work/disserop/presentation_booklet.tex:5: Missing endcsname inserted.
<to be read again> 
                   AM@currentdocname 
l.5 ...es=-,nup=1x2,frame=false]{presentation.pdf}
                                                  
The control sequence marked <to be read again> should
not appear between \csname and \endcsname.

/home/m0000a/my_work/disserop/presentation_booklet.tex:5: Extra \endcsname.
<argument> ...csname\AM@currentdocname \endcsname 
                                                  .pdf\endcsname 
l.5 ...es=-,nup=1x2,frame=false]{presentation.pdf}
                                                  
I'm ignoring this, since I wasn't doing a \csname.

/home/m0000a/my_work/disserop/presentation_booklet.tex:5: Extra \endcsname.
<argument> ...ntdocname \endcsname .pdf\endcsname 
                                                  
l.5 ...es=-,nup=1x2,frame=false]{presentation.pdf}
                                                  
I'm ignoring this, since I wasn't doing a \csname.

/home/m0000a/my_work/disserop/presentation_booklet.tex:5: Missing endcsname inserted.
<to be read again> 
                   AM@currentdocname 
l.5 ...es=-,nup=1x2,frame=false]{presentation.pdf}
                                                  
The control sequence marked <to be read again> should
not appear between \csname and \endcsname.

/home/m0000a/my_work/disserop/presentation_booklet.tex:5: Extra \endcsname.
<argument> ...csname\AM@currentdocname \endcsname 
                                                  .png\endcsname 
l.5 ...es=-,nup=1x2,frame=false]{presentation.pdf}
                                                  
I'm ignoring this, since I wasn't doing a \csname.

/home/m0000a/my_work/disserop/presentation_booklet.tex:5: Extra \endcsname.
<argument> ...ntdocname \endcsname .png\endcsname 
                                                  
l.5 ...es=-,nup=1x2,frame=false]{presentation.pdf}
                                                  
I'm ignoring this, since I wasn't doing a \csname.

/home/m0000a/my_work/disserop/presentation_booklet.tex:5: Missing endcsname inserted.
<to be read again> 
                   AM@currentdocname 
l.5 ...es=-,nup=1x2,frame=false]{presentation.pdf}
                                                  
The control sequence marked <to be read again> should
not appear between \csname and \endcsname.

/home/m0000a/my_work/disserop/presentation_booklet.tex:5: Extra \endcsname.
<argument> ...csname\AM@currentdocname \endcsname 
                                                  .jpg\endcsname 
l.5 ...es=-,nup=1x2,frame=false]{presentation.pdf}
                                                  
I'm ignoring this, since I wasn't doing a \csname.

/home/m0000a/my_work/disserop/presentation_booklet.tex:5: Extra \endcsname.
<argument> ...ntdocname \endcsname .jpg\endcsname 
                                                  
l.5 ...es=-,nup=1x2,frame=false]{presentation.pdf}
                                                  
I'm ignoring this, since I wasn't doing a \csname.

/home/m0000a/my_work/disserop/presentation_booklet.tex:5: Missing endcsname inserted.
<to be read again> 
                   AM@currentdocname 
l.5 ...es=-,nup=1x2,frame=false]{presentation.pdf}
                                                  
The control sequence marked <to be read again> should
not appear between \csname and \endcsname.

/home/m0000a/my_work/disserop/presentation_booklet.tex:5: Extra \endcsname.
<argument> ...csname\AM@currentdocname \endcsname 
                                                  .mps\endcsname 
l.5 ...es=-,nup=1x2,frame=false]{presentation.pdf}
                                                  
I'm ignoring this, since I wasn't doing a \csname.

/home/m0000a/my_work/disserop/presentation_booklet.tex:5: Extra \endcsname.
<argument> ...ntdocname \endcsname .mps\endcsname 
                                                  
l.5 ...es=-,nup=1x2,frame=false]{presentation.pdf}
                                                  
I'm ignoring this, since I wasn't doing a \csname.

/home/m0000a/my_work/disserop/presentation_booklet.tex:5: Missing endcsname inserted.
<to be read again> 
                   AM@currentdocname 
l.5 ...es=-,nup=1x2,frame=false]{presentation.pdf}
                                                  
The control sequence marked <to be read again> should
not appear between \csname and \endcsname.

/home/m0000a/my_work/disserop/presentation_booklet.tex:5: Extra \endcsname.
<argument> ...csname\AM@currentdocname \endcsname 
                                                  .jpeg\endcsname 
l.5 ...es=-,nup=1x2,frame=false]{presentation.pdf}
                                                  
I'm ignoring this, since I wasn't doing a \csname.

/home/m0000a/my_work/disserop/presentation_booklet.tex:5: Extra \endcsname.
<argument> ...tdocname \endcsname .jpeg\endcsname 
                                                  
l.5 ...es=-,nup=1x2,frame=false]{presentation.pdf}
                                                  
I'm ignoring this, since I wasn't doing a \csname.

/home/m0000a/my_work/disserop/presentation_booklet.tex:5: Missing endcsname inserted.
<to be read again> 
                   AM@currentdocname 
l.5 ...es=-,nup=1x2,frame=false]{presentation.pdf}
                                                  
The control sequence marked <to be read again> should
not appear between \csname and \endcsname.

/home/m0000a/my_work/disserop/presentation_booklet.tex:5: Extra \endcsname.
<argument> ...csname\AM@currentdocname \endcsname 
                                                  .jbig2\endcsname 
l.5 ...es=-,nup=1x2,frame=false]{presentation.pdf}
                                                  
I'm ignoring this, since I wasn't doing a \csname.

/home/m0000a/my_work/disserop/presentation_booklet.tex:5: Extra \endcsname.
<argument> ...docname \endcsname .jbig2\endcsname 
                                                  
l.5 ...es=-,nup=1x2,frame=false]{presentation.pdf}
                                                  
I'm ignoring this, since I wasn't doing a \csname.

/home/m0000a/my_work/disserop/presentation_booklet.tex:5: Missing endcsname inserted.
<to be read again> 
                   AM@currentdocname 
l.5 ...es=-,nup=1x2,frame=false]{presentation.pdf}
                                                  
The control sequence marked <to be read again> should
not appear between \csname and \endcsname.

/home/m0000a/my_work/disserop/presentation_booklet.tex:5: Extra \endcsname.
<argument> ...csname\AM@currentdocname \endcsname 
                                                  .jb2\endcsname 
l.5 ...es=-,nup=1x2,frame=false]{presentation.pdf}
                                                  
I'm ignoring this, since I wasn't doing a \csname.

/home/m0000a/my_work/disserop/presentation_booklet.tex:5: Extra \endcsname.
<argument> ...ntdocname \endcsname .jb2\endcsname 
                                                  
l.5 ...es=-,nup=1x2,frame=false]{presentation.pdf}
                                                  
I'm ignoring this, since I wasn't doing a \csname.

/home/m0000a/my_work/disserop/presentation_booklet.tex:5: Missing endcsname inserted.
<to be read again> 
                   AM@currentdocname 
l.5 ...es=-,nup=1x2,frame=false]{presentation.pdf}
                                                  
The control sequence marked <to be read again> should
not appear between \csname and \endcsname.

/home/m0000a/my_work/disserop/presentation_booklet.tex:5: Extra \endcsname.
<argument> ...csname\AM@currentdocname \endcsname 
                                                  .PDF\endcsname 
l.5 ...es=-,nup=1x2,frame=false]{presentation.pdf}
                                                  
I'm ignoring this, since I wasn't doing a \csname.

/home/m0000a/my_work/disserop/presentation_booklet.tex:5: Extra \endcsname.
<argument> ...ntdocname \endcsname .PDF\endcsname 
                                                  
l.5 ...es=-,nup=1x2,frame=false]{presentation.pdf}
                                                  
I'm ignoring this, since I wasn't doing a \csname.

/home/m0000a/my_work/disserop/presentation_booklet.tex:5: Missing endcsname inserted.
<to be read again> 
                   AM@currentdocname 
l.5 ...es=-,nup=1x2,frame=false]{presentation.pdf}
                                                  
The control sequence marked <to be read again> should
not appear between \csname and \endcsname.

/home/m0000a/my_work/disserop/presentation_booklet.tex:5: Extra \endcsname.
<argument> ...csname\AM@currentdocname \endcsname 
                                                  .PNG\endcsname 
l.5 ...es=-,nup=1x2,frame=false]{presentation.pdf}
                                                  
I'm ignoring this, since I wasn't doing a \csname.

/home/m0000a/my_work/disserop/presentation_booklet.tex:5: Extra \endcsname.
<argument> ...ntdocname \endcsname .PNG\endcsname 
                                                  
l.5 ...es=-,nup=1x2,frame=false]{presentation.pdf}
                                                  
I'm ignoring this, since I wasn't doing a \csname.

/home/m0000a/my_work/disserop/presentation_booklet.tex:5: Missing endcsname inserted.
<to be read again> 
                   AM@currentdocname 
l.5 ...es=-,nup=1x2,frame=false]{presentation.pdf}
                                                  
The control sequence marked <to be read again> should
not appear between \csname and \endcsname.

/home/m0000a/my_work/disserop/presentation_booklet.tex:5: Extra \endcsname.
<argument> ...csname\AM@currentdocname \endcsname 
                                                  .JPG\endcsname 
l.5 ...es=-,nup=1x2,frame=false]{presentation.pdf}
                                                  
I'm ignoring this, since I wasn't doing a \csname.

/home/m0000a/my_work/disserop/presentation_booklet.tex:5: Extra \endcsname.
<argument> ...ntdocname \endcsname .JPG\endcsname 
                                                  
l.5 ...es=-,nup=1x2,frame=false]{presentation.pdf}
                                                  
I'm ignoring this, since I wasn't doing a \csname.

/home/m0000a/my_work/disserop/presentation_booklet.tex:5: Missing endcsname inserted.
<to be read again> 
                   AM@currentdocname 
l.5 ...es=-,nup=1x2,frame=false]{presentation.pdf}
                                                  
The control sequence marked <to be read again> should
not appear between \csname and \endcsname.

/home/m0000a/my_work/disserop/presentation_booklet.tex:5: Extra \endcsname.
<argument> ...csname\AM@currentdocname \endcsname 
                                                  .JPEG\endcsname 
l.5 ...es=-,nup=1x2,frame=false]{presentation.pdf}
                                                  
I'm ignoring this, since I wasn't doing a \csname.

/home/m0000a/my_work/disserop/presentation_booklet.tex:5: Extra \endcsname.
<argument> ...tdocname \endcsname .JPEG\endcsname 
                                                  
l.5 ...es=-,nup=1x2,frame=false]{presentation.pdf}
                                                  
I'm ignoring this, since I wasn't doing a \csname.

/home/m0000a/my_work/disserop/presentation_booklet.tex:5: Missing endcsname inserted.
<to be read again> 
                   AM@currentdocname 
l.5 ...es=-,nup=1x2,frame=false]{presentation.pdf}
                                                  
The control sequence marked <to be read again> should
not appear between \csname and \endcsname.

/home/m0000a/my_work/disserop/presentation_booklet.tex:5: Extra \endcsname.
<argument> ...csname\AM@currentdocname \endcsname 
                                                  .JBIG2\endcsname 
l.5 ...es=-,nup=1x2,frame=false]{presentation.pdf}
                                                  
I'm ignoring this, since I wasn't doing a \csname.

/home/m0000a/my_work/disserop/presentation_booklet.tex:5: Extra \endcsname.
<argument> ...docname \endcsname .JBIG2\endcsname 
                                                  
l.5 ...es=-,nup=1x2,frame=false]{presentation.pdf}
                                                  
I'm ignoring this, since I wasn't doing a \csname.

/home/m0000a/my_work/disserop/presentation_booklet.tex:5: Missing endcsname inserted.
<to be read again> 
                   AM@currentdocname 
l.5 ...es=-,nup=1x2,frame=false]{presentation.pdf}
                                                  
The control sequence marked <to be read again> should
not appear between \csname and \endcsname.

/home/m0000a/my_work/disserop/presentation_booklet.tex:5: Extra \endcsname.
<argument> ...csname\AM@currentdocname \endcsname 
                                                  .JB2\endcsname 
l.5 ...es=-,nup=1x2,frame=false]{presentation.pdf}
                                                  
I'm ignoring this, since I wasn't doing a \csname.

/home/m0000a/my_work/disserop/presentation_booklet.tex:5: Extra \endcsname.
<argument> ...ntdocname \endcsname .JB2\endcsname 
                                                  
l.5 ...es=-,nup=1x2,frame=false]{presentation.pdf}
                                                  
I'm ignoring this, since I wasn't doing a \csname.

/home/m0000a/my_work/disserop/presentation_booklet.tex:5: Missing endcsname inserted.
<to be read again> 
                   AM@currentdocname 
l.5 ...es=-,nup=1x2,frame=false]{presentation.pdf}
                                                  
The control sequence marked <to be read again> should
not appear between \csname and \endcsname.

/home/m0000a/my_work/disserop/presentation_booklet.tex:5: Extra \endcsname.
<argument> ...csname\AM@currentdocname \endcsname 
                                                  .eps\endcsname 
l.5 ...es=-,nup=1x2,frame=false]{presentation.pdf}
                                                  
I'm ignoring this, since I wasn't doing a \csname.

/home/m0000a/my_work/disserop/presentation_booklet.tex:5: Extra \endcsname.
<argument> ...ntdocname \endcsname .eps\endcsname 
                                                  
l.5 ...es=-,nup=1x2,frame=false]{presentation.pdf}
                                                  
I'm ignoring this, since I wasn't doing a \csname.


/home/m0000a/my_work/disserop/presentation_booklet.tex:5: LaTeX Error: File `\AM@currentdocname ' not found.

See the LaTeX manual or LaTeX Companion for explanation.
Type  H <return>  for immediate help.
 ...                                              
                                                  
l.5 ...es=-,nup=1x2,frame=false]{presentation.pdf}
                                                  
I could not locate the file with any of these extensions:
.pdf,.png,.jpg,.mps,.jpeg,.jbig2,.jb2,.PDF,.PNG,.JPG,.JPEG,.JBIG2,.JB2,.eps
Try typing  <return>  to proceed.
If that doesn't work, type  X <return>  to quit.

/home/m0000a/my_work/disserop/presentation_booklet.tex:5: Missing endcsname inserted.
<to be read again> 
                   AM@currentdocname 
l.5 ...es=-,nup=1x2,frame=false]{presentation.pdf}
                                                  
The control sequence marked <to be read again> should
not appear between \csname and \endcsname.

/home/m0000a/my_work/disserop/presentation_booklet.tex:5: Missing endcsname inserted.
<to be read again> 
                   AM@currentdocname 
l.5 ...es=-,nup=1x2,frame=false]{presentation.pdf}
                                                  
The control sequence marked <to be read again> should
not appear between \csname and \endcsname.

/home/m0000a/my_work/disserop/presentation_booklet.tex:5: Extra \endcsname.
<argument> ...csname\AM@currentdocname \endcsname 
                                                  .pdf\endcsname 
l.5 ...es=-,nup=1x2,frame=false]{presentation.pdf}
                                                  
I'm ignoring this, since I wasn't doing a \csname.

/home/m0000a/my_work/disserop/presentation_booklet.tex:5: Extra \endcsname.
<argument> ...ntdocname \endcsname .pdf\endcsname 
                                                  
l.5 ...es=-,nup=1x2,frame=false]{presentation.pdf}
                                                  
I'm ignoring this, since I wasn't doing a \csname.

/home/m0000a/my_work/disserop/presentation_booklet.tex:5: Missing endcsname inserted.
<to be read again> 
                   AM@currentdocname 
l.5 ...es=-,nup=1x2,frame=false]{presentation.pdf}
                                                  
The control sequence marked <to be read again> should
not appear between \csname and \endcsname.

/home/m0000a/my_work/disserop/presentation_booklet.tex:5: Extra \endcsname.
<argument> ...csname\AM@currentdocname \endcsname 
                                                  .png\endcsname 
l.5 ...es=-,nup=1x2,frame=false]{presentation.pdf}
                                                  
I'm ignoring this, since I wasn't doing a \csname.

/home/m0000a/my_work/disserop/presentation_booklet.tex:5: Extra \endcsname.
<argument> ...ntdocname \endcsname .png\endcsname 
                                                  
l.5 ...es=-,nup=1x2,frame=false]{presentation.pdf}
                                                  
I'm ignoring this, since I wasn't doing a \csname.

/home/m0000a/my_work/disserop/presentation_booklet.tex:5: Missing endcsname inserted.
<to be read again> 
                   AM@currentdocname 
l.5 ...es=-,nup=1x2,frame=false]{presentation.pdf}
                                                  
The control sequence marked <to be read again> should
not appear between \csname and \endcsname.

/home/m0000a/my_work/disserop/presentation_booklet.tex:5: Extra \endcsname.
<argument> ...csname\AM@currentdocname \endcsname 
                                                  .jpg\endcsname 
l.5 ...es=-,nup=1x2,frame=false]{presentation.pdf}
                                                  
I'm ignoring this, since I wasn't doing a \csname.

/home/m0000a/my_work/disserop/presentation_booklet.tex:5: Extra \endcsname.
<argument> ...ntdocname \endcsname .jpg\endcsname 
                                                  
l.5 ...es=-,nup=1x2,frame=false]{presentation.pdf}
                                                  
I'm ignoring this, since I wasn't doing a \csname.

/home/m0000a/my_work/disserop/presentation_booklet.tex:5: Missing endcsname inserted.
<to be read again> 
                   AM@currentdocname 
l.5 ...es=-,nup=1x2,frame=false]{presentation.pdf}
                                                  
The control sequence marked <to be read again> should
not appear between \csname and \endcsname.

/home/m0000a/my_work/disserop/presentation_booklet.tex:5: Extra \endcsname.
<argument> ...csname\AM@currentdocname \endcsname 
                                                  .mps\endcsname 
l.5 ...es=-,nup=1x2,frame=false]{presentation.pdf}
                                                  
I'm ignoring this, since I wasn't doing a \csname.

/home/m0000a/my_work/disserop/presentation_booklet.tex:5: Extra \endcsname.
<argument> ...ntdocname \endcsname .mps\endcsname 
                                                  
l.5 ...es=-,nup=1x2,frame=false]{presentation.pdf}
                                                  
I'm ignoring this, since I wasn't doing a \csname.

/home/m0000a/my_work/disserop/presentation_booklet.tex:5: Missing endcsname inserted.
<to be read again> 
                   AM@currentdocname 
l.5 ...es=-,nup=1x2,frame=false]{presentation.pdf}
                                                  
The control sequence marked <to be read again> should
not appear between \csname and \endcsname.

/home/m0000a/my_work/disserop/presentation_booklet.tex:5: Extra \endcsname.
<argument> ...csname\AM@currentdocname \endcsname 
                                                  .jpeg\endcsname 
l.5 ...es=-,nup=1x2,frame=false]{presentation.pdf}
                                                  
I'm ignoring this, since I wasn't doing a \csname.

/home/m0000a/my_work/disserop/presentation_booklet.tex:5: Extra \endcsname.
<argument> ...tdocname \endcsname .jpeg\endcsname 
                                                  
l.5 ...es=-,nup=1x2,frame=false]{presentation.pdf}
                                                  
I'm ignoring this, since I wasn't doing a \csname.

/home/m0000a/my_work/disserop/presentation_booklet.tex:5: Missing endcsname inserted.
<to be read again> 
                   AM@currentdocname 
l.5 ...es=-,nup=1x2,frame=false]{presentation.pdf}
                                                  
The control sequence marked <to be read again> should
not appear between \csname and \endcsname.

/home/m0000a/my_work/disserop/presentation_booklet.tex:5: Extra \endcsname.
<argument> ...csname\AM@currentdocname \endcsname 
                                                  .jbig2\endcsname 
l.5 ...es=-,nup=1x2,frame=false]{presentation.pdf}
                                                  
I'm ignoring this, since I wasn't doing a \csname.

/home/m0000a/my_work/disserop/presentation_booklet.tex:5: Extra \endcsname.
<argument> ...docname \endcsname .jbig2\endcsname 
                                                  
l.5 ...es=-,nup=1x2,frame=false]{presentation.pdf}
                                                  
I'm ignoring this, since I wasn't doing a \csname.

/home/m0000a/my_work/disserop/presentation_booklet.tex:5: Missing endcsname inserted.
<to be read again> 
                   AM@currentdocname 
l.5 ...es=-,nup=1x2,frame=false]{presentation.pdf}
                                                  
The control sequence marked <to be read again> should
not appear between \csname and \endcsname.

/home/m0000a/my_work/disserop/presentation_booklet.tex:5: Extra \endcsname.
<argument> ...csname\AM@currentdocname \endcsname 
                                                  .jb2\endcsname 
l.5 ...es=-,nup=1x2,frame=false]{presentation.pdf}
                                                  
I'm ignoring this, since I wasn't doing a \csname.

/home/m0000a/my_work/disserop/presentation_booklet.tex:5: Extra \endcsname.
<argument> ...ntdocname \endcsname .jb2\endcsname 
                                                  
l.5 ...es=-,nup=1x2,frame=false]{presentation.pdf}
                                                  
I'm ignoring this, since I wasn't doing a \csname.

/home/m0000a/my_work/disserop/presentation_booklet.tex:5: Missing endcsname inserted.
<to be read again> 
                   AM@currentdocname 
l.5 ...es=-,nup=1x2,frame=false]{presentation.pdf}
                                                  
The control sequence marked <to be read again> should
not appear between \csname and \endcsname.

/home/m0000a/my_work/disserop/presentation_booklet.tex:5: Extra \endcsname.
<argument> ...csname\AM@currentdocname \endcsname 
                                                  .PDF\endcsname 
l.5 ...es=-,nup=1x2,frame=false]{presentation.pdf}
                                                  
I'm ignoring this, since I wasn't doing a \csname.

/home/m0000a/my_work/disserop/presentation_booklet.tex:5: Extra \endcsname.
<argument> ...ntdocname \endcsname .PDF\endcsname 
                                                  
l.5 ...es=-,nup=1x2,frame=false]{presentation.pdf}
                                                  
I'm ignoring this, since I wasn't doing a \csname.

/home/m0000a/my_work/disserop/presentation_booklet.tex:5: Missing endcsname inserted.
<to be read again> 
                   AM@currentdocname 
l.5 ...es=-,nup=1x2,frame=false]{presentation.pdf}
                                                  
The control sequence marked <to be read again> should
not appear between \csname and \endcsname.

/home/m0000a/my_work/disserop/presentation_booklet.tex:5: Extra \endcsname.
<argument> ...csname\AM@currentdocname \endcsname 
                                                  .PNG\endcsname 
l.5 ...es=-,nup=1x2,frame=false]{presentation.pdf}
                                                  
I'm ignoring this, since I wasn't doing a \csname.

/home/m0000a/my_work/disserop/presentation_booklet.tex:5: Extra \endcsname.
<argument> ...ntdocname \endcsname .PNG\endcsname 
                                                  
l.5 ...es=-,nup=1x2,frame=false]{presentation.pdf}
                                                  
I'm ignoring this, since I wasn't doing a \csname.

/home/m0000a/my_work/disserop/presentation_booklet.tex:5: Missing endcsname inserted.
<to be read again> 
                   AM@currentdocname 
l.5 ...es=-,nup=1x2,frame=false]{presentation.pdf}
                                                  
The control sequence marked <to be read again> should
not appear between \csname and \endcsname.

/home/m0000a/my_work/disserop/presentation_booklet.tex:5: Extra \endcsname.
<argument> ...csname\AM@currentdocname \endcsname 
                                                  .JPG\endcsname 
l.5 ...es=-,nup=1x2,frame=false]{presentation.pdf}
                                                  
I'm ignoring this, since I wasn't doing a \csname.

/home/m0000a/my_work/disserop/presentation_booklet.tex:5: Extra \endcsname.
<argument> ...ntdocname \endcsname .JPG\endcsname 
                                                  
l.5 ...es=-,nup=1x2,frame=false]{presentation.pdf}
                                                  
I'm ignoring this, since I wasn't doing a \csname.

/home/m0000a/my_work/disserop/presentation_booklet.tex:5: Missing endcsname inserted.
<to be read again> 
                   AM@currentdocname 
l.5 ...es=-,nup=1x2,frame=false]{presentation.pdf}
                                                  
The control sequence marked <to be read again> should
not appear between \csname and \endcsname.

/home/m0000a/my_work/disserop/presentation_booklet.tex:5: Extra \endcsname.
<argument> ...csname\AM@currentdocname \endcsname 
                                                  .JPEG\endcsname 
l.5 ...es=-,nup=1x2,frame=false]{presentation.pdf}
                                                  
I'm ignoring this, since I wasn't doing a \csname.

/home/m0000a/my_work/disserop/presentation_booklet.tex:5: Extra \endcsname.
<argument> ...tdocname \endcsname .JPEG\endcsname 
                                                  
l.5 ...es=-,nup=1x2,frame=false]{presentation.pdf}
                                                  
I'm ignoring this, since I wasn't doing a \csname.

/home/m0000a/my_work/disserop/presentation_booklet.tex:5: Missing endcsname inserted.
<to be read again> 
                   AM@currentdocname 
l.5 ...es=-,nup=1x2,frame=false]{presentation.pdf}
                                                  
The control sequence marked <to be read again> should
not appear between \csname and \endcsname.

/home/m0000a/my_work/disserop/presentation_booklet.tex:5: Extra \endcsname.
<argument> ...csname\AM@currentdocname \endcsname 
                                                  .JBIG2\endcsname 
l.5 ...es=-,nup=1x2,frame=false]{presentation.pdf}
                                                  
I'm ignoring this, since I wasn't doing a \csname.

/home/m0000a/my_work/disserop/presentation_booklet.tex:5: Extra \endcsname.
<argument> ...docname \endcsname .JBIG2\endcsname 
                                                  
l.5 ...es=-,nup=1x2,frame=false]{presentation.pdf}
                                                  
I'm ignoring this, since I wasn't doing a \csname.

/home/m0000a/my_work/disserop/presentation_booklet.tex:5: Missing endcsname inserted.
<to be read again> 
                   AM@currentdocname 
l.5 ...es=-,nup=1x2,frame=false]{presentation.pdf}
                                                  
The control sequence marked <to be read again> should
not appear between \csname and \endcsname.

/home/m0000a/my_work/disserop/presentation_booklet.tex:5: Extra \endcsname.
<argument> ...csname\AM@currentdocname \endcsname 
                                                  .JB2\endcsname 
l.5 ...es=-,nup=1x2,frame=false]{presentation.pdf}
                                                  
I'm ignoring this, since I wasn't doing a \csname.

/home/m0000a/my_work/disserop/presentation_booklet.tex:5: Extra \endcsname.
<argument> ...ntdocname \endcsname .JB2\endcsname 
                                                  
l.5 ...es=-,nup=1x2,frame=false]{presentation.pdf}
                                                  
I'm ignoring this, since I wasn't doing a \csname.

/home/m0000a/my_work/disserop/presentation_booklet.tex:5: Missing endcsname inserted.
<to be read again> 
                   AM@currentdocname 
l.5 ...es=-,nup=1x2,frame=false]{presentation.pdf}
                                                  
The control sequence marked <to be read again> should
not appear between \csname and \endcsname.

/home/m0000a/my_work/disserop/presentation_booklet.tex:5: Extra \endcsname.
<argument> ...csname\AM@currentdocname \endcsname 
                                                  .eps\endcsname 
l.5 ...es=-,nup=1x2,frame=false]{presentation.pdf}
                                                  
I'm ignoring this, since I wasn't doing a \csname.

/home/m0000a/my_work/disserop/presentation_booklet.tex:5: Extra \endcsname.
<argument> ...ntdocname \endcsname .eps\endcsname 
                                                  
l.5 ...es=-,nup=1x2,frame=false]{presentation.pdf}
                                                  
I'm ignoring this, since I wasn't doing a \csname.


/home/m0000a/my_work/disserop/presentation_booklet.tex:5: LaTeX Error: File `\AM@currentdocname ' not found.

See the LaTeX manual or LaTeX Companion for explanation.
Type  H <return>  for immediate help.
 ...                                              
                                                  
l.5 ...es=-,nup=1x2,frame=false]{presentation.pdf}
                                                  
I could not locate the file with any of these extensions:
.pdf,.png,.jpg,.mps,.jpeg,.jbig2,.jb2,.PDF,.PNG,.JPG,.JPEG,.JBIG2,.JB2,.eps
Try typing  <return>  to proceed.
If that doesn't work, type  X <return>  to quit.

/home/m0000a/my_work/disserop/presentation_booklet.tex:5: Missing endcsname inserted.
<to be read again> 
                   AM@currentdocname 
l.5 ...es=-,nup=1x2,frame=false]{presentation.pdf}
                                                  
The control sequence marked <to be read again> should
not appear between \csname and \endcsname.

/home/m0000a/my_work/disserop/presentation_booklet.tex:5: Missing endcsname inserted.
<to be read again> 
                   AM@currentdocname 
l.5 ...es=-,nup=1x2,frame=false]{presentation.pdf}
                                                  
The control sequence marked <to be read again> should
not appear between \csname and \endcsname.

/home/m0000a/my_work/disserop/presentation_booklet.tex:5: Extra \endcsname.
<argument> ...csname\AM@currentdocname \endcsname 
                                                  .pdf\endcsname 
l.5 ...es=-,nup=1x2,frame=false]{presentation.pdf}
                                                  
(That makes 100 errors; please try again.) 
Here is how much of TeX's memory you used:
 5191 strings out of 481239
 96471 string characters out of 5920378
 445757 words of memory out of 5000000
 20444 multiletter control sequences out of 15000+600000
 532638 words of font info for 25 fonts, out of 8000000 for 9000
 1141 hyphenation exceptions out of 8191
 43i,3n,60p,10162b,246s stack positions out of 5000i,500n,10000p,200000b,80000s

/home/m0000a/my_work/disserop/presentation_booklet.tex:5:  ==> Fatal error occurred, no output PDF file produced!
